<?xml version="1.0" encoding="UTF-8"?>
<robot generator="Robot 7.2 (Python 3.12.8 on win32)" generated="2025-01-28T11:21:51.670805" rpa="false" schemaversion="5">
<suite id="s1" name="bookFlight" source="C:\Users\firma\Sanber63-Mobile-Kelompok1\Suites\bookFlight.robot">
<test id="s1-t1" name="User should be able to login with valid data and open book" line="43">
<kw name="Run Keywords" owner="BuiltIn" type="SETUP">
<kw name="Open Flight Application" owner="base">
<kw name="Open Application" owner="AppiumLibrary">
<arg>remote_url=http://127.0.0.1:4723/wd/hub</arg>
<arg>platformName=Android</arg>
<arg>platformVersion=10.0</arg>
<arg>deviceName=emulator-5554</arg>
<arg>appPackage=com.example.myapplication</arg>
<arg>appActivity=com.example.myapplication.MainActivity</arg>
<doc>Opens a new application to given Appium server.
Capabilities of appium server, Android and iOS,
Please check https://appium.io/docs/en/2.1/cli/args/
| *Option*            | *Man.* | *Description*     |
| remote_url          | Yes    | Appium server url |
| alias               | no     | alias             |
| strict_ssl          | No     | allows you to send commands to an invalid certificate host like a self-signed one. |</doc>
<status status="PASS" start="2025-01-28T11:21:51.842936" elapsed="11.481479"/>
</kw>
<status status="PASS" start="2025-01-28T11:21:51.842936" elapsed="11.481479"/>
</kw>
<kw name="Verify Home Screen" owner="homePage">
<kw name="Wait Until Element Is Visible" owner="AppiumLibrary">
<msg time="2025-01-28T11:22:04.170919" level="INFO">xpath criteria: //android.widget.ImageView[@resource-id="com.example.myapplication:id/imageView4"]</msg>
<arg>locator=//android.widget.ImageView[@resource-id="com.example.myapplication:id/imageView4"]</arg>
<doc>Waits until element specified with `locator` is visible.</doc>
<status status="PASS" start="2025-01-28T11:22:03.324415" elapsed="0.846504"/>
</kw>
<status status="PASS" start="2025-01-28T11:22:03.324415" elapsed="0.846504"/>
</kw>
<kw name="Click Sign In Button" owner="homePage">
<kw name="Click Element" owner="AppiumLibrary">
<msg time="2025-01-28T11:22:04.171471" level="INFO">Clicking element '//android.widget.Button[@resource-id="com.example.myapplication:id/login"]'.</msg>
<msg time="2025-01-28T11:22:04.252103" level="INFO">xpath criteria: //android.widget.Button[@resource-id="com.example.myapplication:id/login"]</msg>
<arg>locator=//android.widget.Button[@resource-id="com.example.myapplication:id/login"]</arg>
<doc>Click element identified by `locator`.</doc>
<status status="PASS" start="2025-01-28T11:22:04.171471" elapsed="0.081139"/>
</kw>
<status status="PASS" start="2025-01-28T11:22:04.170919" elapsed="0.081691"/>
</kw>
<kw name="Verify Sign In Screen" owner="signInPage">
<kw name="Wait Until Element Is Visible" owner="AppiumLibrary">
<msg time="2025-01-28T11:22:05.172911" level="INFO">xpath criteria: //android.widget.TextView[@resource-id="com.example.myapplication:id/textView2"]
xpath criteria: //android.widget.TextView[@resource-id="com.example.myapplication:id/textView2"]</msg>
<arg>locator=//android.widget.TextView[@resource-id="com.example.myapplication:id/textView2"]</arg>
<doc>Waits until element specified with `locator` is visible.</doc>
<status status="PASS" start="2025-01-28T11:22:04.253302" elapsed="0.919609"/>
</kw>
<status status="PASS" start="2025-01-28T11:22:04.252610" elapsed="0.920301"/>
</kw>
<arg>Open Flight Application</arg>
<arg>AND</arg>
<arg>Verify Home Screen</arg>
<arg>AND</arg>
<arg>Click Sign In Button</arg>
<arg>AND</arg>
<arg>Verify Sign In Screen</arg>
<doc>Executes all the given keywords in a sequence.</doc>
<status status="PASS" start="2025-01-28T11:21:51.841326" elapsed="13.331585"/>
</kw>
<kw name="Input Username" owner="signInPage">
<kw name="Input Text" owner="AppiumLibrary">
<msg time="2025-01-28T11:22:05.174852" level="INFO">Typing text 'support@ngendigital.com' into text field '//android.widget.EditText[@resource-id="com.example.myapplication:id/username"]'</msg>
<msg time="2025-01-28T11:22:05.224056" level="INFO">xpath criteria: //android.widget.EditText[@resource-id="com.example.myapplication:id/username"]</msg>
<arg>locator=//android.widget.EditText[@resource-id="com.example.myapplication:id/username"]</arg>
<arg>text=${username}</arg>
<doc>Types the given `text` into text field identified by `locator`.</doc>
<status status="PASS" start="2025-01-28T11:22:05.173854" elapsed="0.051185"/>
</kw>
<arg>username=support@ngendigital.com</arg>
<status status="PASS" start="2025-01-28T11:22:05.173854" elapsed="0.051185"/>
</kw>
<kw name="Input Password" owner="signInPage">
<kw name="Input Text" owner="AppiumLibrary">
<msg time="2025-01-28T11:22:05.227546" level="INFO">Typing text 'abc123' into text field '//android.widget.EditText[@resource-id="com.example.myapplication:id/password"]'</msg>
<msg time="2025-01-28T11:22:05.776340" level="INFO">xpath criteria: //android.widget.EditText[@resource-id="com.example.myapplication:id/password"]</msg>
<arg>locator=//android.widget.EditText[@resource-id="com.example.myapplication:id/password"]</arg>
<arg>text=${password}</arg>
<doc>Types the given `text` into text field identified by `locator`.</doc>
<status status="PASS" start="2025-01-28T11:22:05.226036" elapsed="0.550304"/>
</kw>
<arg>password=abc123</arg>
<status status="PASS" start="2025-01-28T11:22:05.225039" elapsed="0.551301"/>
</kw>
<kw name="Click Sign In Button on Login Screen" owner="signInPage">
<kw name="Click Element" owner="AppiumLibrary">
<msg time="2025-01-28T11:22:05.777341" level="INFO">Clicking element '//android.widget.Button[@resource-id="com.example.myapplication:id/signIn"]'.</msg>
<msg time="2025-01-28T11:22:06.353769" level="INFO">xpath criteria: //android.widget.Button[@resource-id="com.example.myapplication:id/signIn"]</msg>
<arg>locator=//android.widget.Button[@resource-id="com.example.myapplication:id/signIn"]</arg>
<doc>Click element identified by `locator`.</doc>
<status status="PASS" start="2025-01-28T11:22:05.776340" elapsed="0.577429"/>
</kw>
<status status="PASS" start="2025-01-28T11:22:05.776340" elapsed="0.577429"/>
</kw>
<kw name="Verify User Successfully Sign In" owner="signInPage">
<kw name="Wait Until Element Is Visible" owner="AppiumLibrary">
<msg time="2025-01-28T11:22:07.028861" level="INFO">xpath criteria: //android.widget.TextView[@resource-id="com.example.myapplication:id/textView"]
xpath criteria: //android.widget.TextView[@resource-id="com.example.myapplication:id/textView"]</msg>
<arg>locator=//android.widget.TextView[@resource-id="com.example.myapplication:id/textView"]</arg>
<doc>Waits until element specified with `locator` is visible.</doc>
<status status="PASS" start="2025-01-28T11:22:06.354773" elapsed="0.674088"/>
</kw>
<status status="PASS" start="2025-01-28T11:22:06.353769" elapsed="0.675092"/>
</kw>
<kw name="Click Book Button" owner="bookFlightPage">
<kw name="Wait Until Element Is Visible" owner="AppiumLibrary">
<msg time="2025-01-28T11:22:07.087482" level="INFO">xpath criteria: //android.widget.Button[@resource-id="com.example.myapplication:id/book"]</msg>
<arg>locator=//android.widget.Button[@resource-id="com.example.myapplication:id/book"]</arg>
<doc>Waits until element specified with `locator` is visible.</doc>
<status status="PASS" start="2025-01-28T11:22:07.029859" elapsed="0.057623"/>
</kw>
<kw name="Click Element" owner="AppiumLibrary">
<msg time="2025-01-28T11:22:07.088529" level="INFO">Clicking element '//android.widget.Button[@resource-id="com.example.myapplication:id/book"]'.</msg>
<msg time="2025-01-28T11:22:07.211487" level="INFO">xpath criteria: //android.widget.Button[@resource-id="com.example.myapplication:id/book"]</msg>
<arg>locator=//android.widget.Button[@resource-id="com.example.myapplication:id/book"]</arg>
<doc>Click element identified by `locator`.</doc>
<status status="PASS" start="2025-01-28T11:22:07.087482" elapsed="0.124005"/>
</kw>
<status status="PASS" start="2025-01-28T11:22:07.028861" elapsed="0.182626"/>
</kw>
<kw name="Verify Book Screen Appears" owner="bookFlightPage">
<kw name="Wait Until Element Is Visible" owner="AppiumLibrary">
<msg time="2025-01-28T11:22:08.011094" level="INFO">xpath criteria: //android.widget.LinearLayout[@resource-id="com.example.myapplication:id/linearLayout2"]</msg>
<arg>locator=//android.widget.LinearLayout[@resource-id="com.example.myapplication:id/linearLayout2"]</arg>
<doc>Waits until element specified with `locator` is visible.</doc>
<status status="PASS" start="2025-01-28T11:22:07.213998" elapsed="0.797096"/>
</kw>
<status status="PASS" start="2025-01-28T11:22:07.212992" elapsed="0.798102"/>
</kw>
<kw name="Click One Way" owner="bookFlightPage">
<kw name="Click Element" owner="AppiumLibrary">
<msg time="2025-01-28T11:22:08.012634" level="INFO">Clicking element '//android.widget.TextView[@text="ONE WAY"]'.</msg>
<msg time="2025-01-28T11:22:08.085929" level="INFO">xpath criteria: //android.widget.TextView[@text="ONE WAY"]</msg>
<arg>locator=//android.widget.TextView[@text="ONE WAY"]</arg>
<doc>Click element identified by `locator`.</doc>
<status status="PASS" start="2025-01-28T11:22:08.011094" elapsed="0.074835"/>
</kw>
<status status="PASS" start="2025-01-28T11:22:08.011094" elapsed="0.074835"/>
</kw>
<kw name="Click From City" owner="bookFlightPage">
<kw name="Wait Until Element Is Visible" owner="AppiumLibrary">
<msg time="2025-01-28T11:22:08.602799" level="INFO">xpath criteria: //android.widget.Spinner[@resource-id="com.example.myapplication:id/spinnerFrom"]</msg>
<arg>locator=//android.widget.Spinner[@resource-id="com.example.myapplication:id/spinnerFrom"]</arg>
<doc>Waits until element specified with `locator` is visible.</doc>
<status status="PASS" start="2025-01-28T11:22:08.087925" elapsed="0.514874"/>
</kw>
<kw name="Click Element" owner="AppiumLibrary">
<msg time="2025-01-28T11:22:08.604829" level="INFO">Clicking element '//android.widget.Spinner[@resource-id="com.example.myapplication:id/spinnerFrom"]'.</msg>
<msg time="2025-01-28T11:22:08.704988" level="INFO">xpath criteria: //android.widget.Spinner[@resource-id="com.example.myapplication:id/spinnerFrom"]</msg>
<arg>locator=//android.widget.Spinner[@resource-id="com.example.myapplication:id/spinnerFrom"]</arg>
<doc>Click element identified by `locator`.</doc>
<status status="PASS" start="2025-01-28T11:22:08.603832" elapsed="0.101156"/>
</kw>
<status status="PASS" start="2025-01-28T11:22:08.086927" elapsed="0.618061"/>
</kw>
<kw name="Click NewYork" owner="bookFlightPage">
<kw name="Wait Until Page Contains Element" owner="AppiumLibrary">
<msg time="2025-01-28T11:22:09.651426" level="INFO">xpath criteria: //android.widget.TextView[@resource-id="android:id/text1" and @text="New York"]</msg>
<arg>xpath=//android.widget.TextView[@resource-id="android:id/text1" and @text="New York"]</arg>
<arg>timeout=10 seconds</arg>
<doc>Waits until element specified with `locator` appears on current page.</doc>
<status status="PASS" start="2025-01-28T11:22:08.706993" elapsed="0.944433"/>
</kw>
<kw name="Click Element" owner="AppiumLibrary">
<msg time="2025-01-28T11:22:09.651968" level="INFO">Clicking element '//android.widget.TextView[@resource-id="android:id/text1" and @text="New York"]'.</msg>
<msg time="2025-01-28T11:22:10.309638" level="INFO">xpath criteria: //android.widget.TextView[@resource-id="android:id/text1" and @text="New York"]</msg>
<arg>locator=//android.widget.TextView[@resource-id="android:id/text1" and @text="New York"]</arg>
<doc>Click element identified by `locator`.</doc>
<status status="PASS" start="2025-01-28T11:22:09.651426" elapsed="0.658754"/>
</kw>
<status status="PASS" start="2025-01-28T11:22:08.705987" elapsed="1.604193"/>
</kw>
<kw name="Click To City" owner="bookFlightPage">
<kw name="Wait Until Element Is Visible" owner="AppiumLibrary">
<msg time="2025-01-28T11:22:10.357650" level="INFO">xpath criteria: //android.widget.Spinner[@resource-id="com.example.myapplication:id/spinnerFrom"]</msg>
<arg>locator=//android.widget.Spinner[@resource-id="com.example.myapplication:id/spinnerFrom"]</arg>
<doc>Waits until element specified with `locator` is visible.</doc>
<status status="PASS" start="2025-01-28T11:22:10.311190" elapsed="0.046460"/>
</kw>
<kw name="Click Element" owner="AppiumLibrary">
<msg time="2025-01-28T11:22:10.358630" level="INFO">Clicking element '//android.widget.Spinner[@resource-id="com.example.myapplication:id/spinnerTo"]'.</msg>
<msg time="2025-01-28T11:22:10.448499" level="INFO">xpath criteria: //android.widget.Spinner[@resource-id="com.example.myapplication:id/spinnerTo"]</msg>
<arg>locator=//android.widget.Spinner[@resource-id="com.example.myapplication:id/spinnerTo"]</arg>
<doc>Click element identified by `locator`.</doc>
<status status="PASS" start="2025-01-28T11:22:10.357650" elapsed="0.090849"/>
</kw>
<status status="PASS" start="2025-01-28T11:22:10.310180" elapsed="0.138319"/>
</kw>
<kw name="Click London" owner="bookFlightPage">
<kw name="Wait Until Page Contains Element" owner="AppiumLibrary">
<msg time="2025-01-28T11:22:11.389123" level="INFO">xpath criteria: //android.widget.TextView[@resource-id="android:id/text1" and @text="London"]
xpath criteria: //android.widget.TextView[@resource-id="android:id/text1" and @text="London"]</msg>
<arg>xpath=//android.widget.TextView[@resource-id="android:id/text1" and @text="London"]</arg>
<arg>timeout=10 seconds</arg>
<doc>Waits until element specified with `locator` appears on current page.</doc>
<status status="PASS" start="2025-01-28T11:22:10.449497" elapsed="0.939626"/>
</kw>
<kw name="Click Element" owner="AppiumLibrary">
<msg time="2025-01-28T11:22:11.391099" level="INFO">Clicking element '//android.widget.TextView[@resource-id="android:id/text1" and @text="London"]'.</msg>
<msg time="2025-01-28T11:22:12.064117" level="INFO">xpath criteria: //android.widget.TextView[@resource-id="android:id/text1" and @text="London"]</msg>
<arg>locator=//android.widget.TextView[@resource-id="android:id/text1" and @text="London"]</arg>
<doc>Click element identified by `locator`.</doc>
<status status="PASS" start="2025-01-28T11:22:11.390100" elapsed="0.674017"/>
</kw>
<status status="PASS" start="2025-01-28T11:22:10.448499" elapsed="1.616617"/>
</kw>
<kw name="Click Class" owner="bookFlightPage">
<kw name="Wait Until Element Is Visible" owner="AppiumLibrary">
<msg time="2025-01-28T11:22:12.116034" level="INFO">xpath criteria: //android.widget.TextView[@resource-id="android:id/text1" and @text="Economy"]</msg>
<arg>locator=//android.widget.TextView[@resource-id="android:id/text1" and @text="Economy"]</arg>
<doc>Waits until element specified with `locator` is visible.</doc>
<status status="PASS" start="2025-01-28T11:22:12.066120" elapsed="0.049914"/>
</kw>
<kw name="Click Element" owner="AppiumLibrary">
<msg time="2025-01-28T11:22:12.116582" level="INFO">Clicking element '//android.widget.Spinner[@resource-id="com.example.myapplication:id/spinnerClass"]'.</msg>
<msg time="2025-01-28T11:22:12.184586" level="INFO">xpath criteria: //android.widget.Spinner[@resource-id="com.example.myapplication:id/spinnerClass"]</msg>
<arg>locator=//android.widget.Spinner[@resource-id="com.example.myapplication:id/spinnerClass"]</arg>
<doc>Click element identified by `locator`.</doc>
<status status="PASS" start="2025-01-28T11:22:12.116582" elapsed="0.069013"/>
</kw>
<status status="PASS" start="2025-01-28T11:22:12.066120" elapsed="0.119475"/>
</kw>
<kw name="Click Economy" owner="bookFlightPage">
<kw name="Wait Until Page Contains Element" owner="AppiumLibrary">
<msg time="2025-01-28T11:22:13.144946" level="INFO">xpath criteria: //android.widget.TextView[@resource-id="android:id/text1" and @text="Economy"]
xpath criteria: //android.widget.TextView[@resource-id="android:id/text1" and @text="Economy"]</msg>
<arg>xpath=//android.widget.TextView[@resource-id="android:id/text1" and @text="Economy"]</arg>
<arg>timeout=10 seconds</arg>
<doc>Waits until element specified with `locator` appears on current page.</doc>
<status status="PASS" start="2025-01-28T11:22:12.186598" elapsed="0.958348"/>
</kw>
<kw name="Click Element" owner="AppiumLibrary">
<msg time="2025-01-28T11:22:13.145944" level="INFO">Clicking element '//android.widget.TextView[@resource-id="android:id/text1" and @text="Economy"]'.</msg>
<msg time="2025-01-28T11:22:13.804691" level="INFO">xpath criteria: //android.widget.TextView[@resource-id="android:id/text1" and @text="Economy"]</msg>
<arg>locator=//android.widget.TextView[@resource-id="android:id/text1" and @text="Economy"]</arg>
<doc>Click element identified by `locator`.</doc>
<status status="PASS" start="2025-01-28T11:22:13.144946" elapsed="0.659745"/>
</kw>
<status status="PASS" start="2025-01-28T11:22:12.185595" elapsed="1.619096"/>
</kw>
<kw name="Close Flight Application" owner="base" type="TEARDOWN">
<kw name="Close Application" owner="AppiumLibrary">
<doc>Closes the current application and also close webdriver session.</doc>
<status status="PASS" start="2025-01-28T11:22:13.807230" elapsed="0.503864"/>
</kw>
<status status="PASS" start="2025-01-28T11:22:13.806199" elapsed="0.506400"/>
</kw>
<status status="PASS" start="2025-01-28T11:21:51.841326" elapsed="22.471273"/>
</test>
<status status="PASS" start="2025-01-28T11:21:51.671805" elapsed="22.641824"/>
</suite>
<statistics>
<total>
<stat pass="1" fail="0" skip="0">All Tests</stat>
</total>
<tag>
</tag>
<suite>
<stat name="bookFlight" id="s1" pass="1" fail="0" skip="0">bookFlight</stat>
</suite>
</statistics>
<errors>
</errors>
</robot>
